[2020-12-14T08:43:46.790531+08:00] log.DEBUG: SELECT `quotation_id` AS `lf`, `quotation_no` AS `df`, '' AS `df2`, '' AS `df3`, '' AS `df4` FROM `employee_quotation` [] []
[2020-12-14T08:43:51.872863+08:00] log.DEBUG: SELECT `quotation_id` AS `lf`, `quotation_no` AS `df`, '' AS `df2`, '' AS `df3`, '' AS `df4` FROM `employee_quotation` [] []
[2020-12-14T09:00:38.616235+08:00] log.DEBUG: SELECT `quotation_id` AS `lf`, `quotation_no` AS `df`, '' AS `df2`, '' AS `df3`, '' AS `df4` FROM `employee_quotation` [] []
[2020-12-14T09:00:42.851519+08:00] log.DEBUG: SELECT `quotation_id` AS `lf`, `quotation_no` AS `df`, '' AS `df2`, '' AS `df3`, '' AS `df4` FROM `employee_quotation` [] []
[2020-12-14T12:59:46.839225+08:00] log.DEBUG: SELECT `city_id` AS `lf`, `city` AS `df`, '' AS `df2`, '' AS `df3`, '' AS `df4` FROM `master_city` [] []
[2020-12-14T12:59:47.076260+08:00] log.DEBUG: SELECT `position_id` AS `lf`, `position` AS `df`, '' AS `df2`, '' AS `df3`, '' AS `df4` FROM `master_position` [] []
[2020-12-14T12:59:47.381005+08:00] log.DEBUG: SELECT `status_id` AS `lf`, `status` AS `df`, '' AS `df2`, '' AS `df3`, '' AS `df4` FROM `master_status` [] []
[2020-12-14T12:59:47.611748+08:00] log.DEBUG: SELECT `skill_id` AS `lf`, `skill` AS `df`, '' AS `df2`, '' AS `df3`, '' AS `df4` FROM `master_skill` [] []
[2020-12-14T12:59:47.774461+08:00] log.DEBUG: SELECT `office_id` AS `lf`, `office` AS `df`, '' AS `df2`, '' AS `df3`, '' AS `df4` FROM `master_office` [] []
[2020-12-14T13:00:14.139696+08:00] log.DEBUG: SELECT `position_id` AS `lf`, `position` AS `df`, '' AS `df2`, '' AS `df3`, '' AS `df4` FROM `master_position` [] []
[2020-12-14T13:00:14.325017+08:00] log.DEBUG: SELECT `city_id` AS `lf`, `city` AS `df`, '' AS `df2`, '' AS `df3`, '' AS `df4` FROM `master_city` [] []
[2020-12-14T13:00:14.589918+08:00] log.DEBUG: SELECT `userlevelid` AS `lf`, `userlevelname` AS `df`, '' AS `df2`, '' AS `df3`, '' AS `df4` FROM `userlevels` [] []
[2020-12-14T13:00:14.758922+08:00] log.DEBUG: SELECT `status_id` AS `lf`, `status` AS `df`, '' AS `df2`, '' AS `df3`, '' AS `df4` FROM `master_status` [] []
[2020-12-14T13:00:14.969186+08:00] log.DEBUG: SELECT `office_id` AS `lf`, `office` AS `df`, '' AS `df2`, '' AS `df3`, '' AS `df4` FROM `master_office` [] []
[2020-12-14T13:00:15.153054+08:00] log.DEBUG: SELECT `skill_id` AS `lf`, `skill` AS `df`, '' AS `df2`, '' AS `df3`, '' AS `df4` FROM `master_skill` [] []
[2020-12-14T13:00:44.731094+08:00] log.DEBUG: SELECT `city_id` AS `lf`, `city` AS `df`, '' AS `df2`, '' AS `df3`, '' AS `df4` FROM `master_city` [] []
[2020-12-14T13:00:44.939326+08:00] log.DEBUG: SELECT `position_id` AS `lf`, `position` AS `df`, '' AS `df2`, '' AS `df3`, '' AS `df4` FROM `master_position` [] []
[2020-12-14T13:00:45.072613+08:00] log.DEBUG: SELECT `status_id` AS `lf`, `status` AS `df`, '' AS `df2`, '' AS `df3`, '' AS `df4` FROM `master_status` [] []
[2020-12-14T13:00:45.237117+08:00] log.DEBUG: SELECT `office_id` AS `lf`, `office` AS `df`, '' AS `df2`, '' AS `df3`, '' AS `df4` FROM `master_office` [] []
[2020-12-14T13:00:45.402125+08:00] log.DEBUG: SELECT `skill_id` AS `lf`, `skill` AS `df`, '' AS `df2`, '' AS `df3`, '' AS `df4` FROM `master_skill` [] []
[2020-12-14T13:00:45.562422+08:00] log.DEBUG: SELECT `userlevelid` AS `lf`, `userlevelname` AS `df`, '' AS `df2`, '' AS `df3`, '' AS `df4` FROM `userlevels` [] []
[2020-12-14T13:00:57.274146+08:00] log.DEBUG: SELECT `customer_id` AS `lf`, `customer_name` AS `df`, '' AS `df2`, '' AS `df3`, '' AS `df4` FROM `customer` [] []
[2020-12-14T13:01:04.878514+08:00] log.DEBUG: SELECT `customer_id` AS `lf`, `customer_name` AS `df`, '' AS `df2`, '' AS `df3`, '' AS `df4` FROM `customer` [] []
[2020-12-14T13:01:44.890792+08:00] log.DEBUG: SELECT `quotation_id` AS `lf`, `quotation_no` AS `df`, '' AS `df2`, '' AS `df3`, '' AS `df4` FROM `employee_quotation` [] []
[2020-12-14T13:02:50.506639+08:00] log.DEBUG: SELECT `quotation_id` AS `lf`, `quotation_no` AS `df`, '' AS `df2`, '' AS `df3`, '' AS `df4` FROM `employee_quotation` [] []
[2020-12-14T13:17:05.782218+08:00] log.DEBUG: SELECT `quotation_id` AS `lf`, `quotation_no` AS `df`, '' AS `df2`, '' AS `df3`, '' AS `df4` FROM `employee_quotation` [] []
