[2020-12-09T19:15:39.886933+08:00] log.DEBUG: SELECT `city_id` AS `lf`, `city` AS `df`, '' AS `df2`, '' AS `df3`, '' AS `df4` FROM `master_city` [] []
[2020-12-09T19:15:40.008469+08:00] log.DEBUG: SELECT `position_id` AS `lf`, `position` AS `df`, '' AS `df2`, '' AS `df3`, '' AS `df4` FROM `master_position` [] []
[2020-12-09T19:15:40.133631+08:00] log.DEBUG: SELECT `status_id` AS `lf`, `status` AS `df`, '' AS `df2`, '' AS `df3`, '' AS `df4` FROM `master_status` [] []
[2020-12-09T19:15:40.235822+08:00] log.DEBUG: SELECT `office_id` AS `lf`, `office` AS `df`, '' AS `df2`, '' AS `df3`, '' AS `df4` FROM `master_office` [] []
[2020-12-09T19:15:40.321246+08:00] log.DEBUG: SELECT `skill_id` AS `lf`, `skill` AS `df`, '' AS `df2`, '' AS `df3`, '' AS `df4` FROM `master_skill` [] []
[2020-12-09T19:15:40.416246+08:00] log.DEBUG: SELECT `userlevelid` AS `lf`, `userlevelname` AS `df`, '' AS `df2`, '' AS `df3`, '' AS `df4` FROM `userlevels` [] []
[2020-12-09T19:17:08.142644+08:00] log.DEBUG: SELECT `employee_username` AS `lf`, `employee_name` AS `df`, '' AS `df2`, '' AS `df3`, '' AS `df4` FROM `employee` [] []
[2020-12-09T19:17:16.246951+08:00] log.DEBUG: SELECT `employee_username` AS `lf`, `employee_name` AS `df`, '' AS `df2`, '' AS `df3`, '' AS `df4` FROM `employee` [] []
[2020-12-09T19:18:02.984875+08:00] log.DEBUG: SELECT `employee_username` AS `lf`, `employee_name` AS `df`, '' AS `df2`, '' AS `df3`, '' AS `df4` FROM `employee` [] []
[2020-12-09T19:18:26.512998+08:00] log.DEBUG: SELECT `shift_id` AS `lf`, `shift_name` AS `df`, '' AS `df2`, '' AS `df3`, '' AS `df4` FROM `master_shift` [] []
[2020-12-09T19:18:26.574269+08:00] log.DEBUG: SELECT `employee_username` AS `lf`, `employee_name` AS `df`, '' AS `df2`, '' AS `df3`, '' AS `df4` FROM `employee` [] []
[2020-12-09T19:34:10.310490+08:00] log.DEBUG: SELECT `employee_username` AS `lf`, `employee_name` AS `df`, '' AS `df2`, '' AS `df3`, '' AS `df4` FROM `employee` [] []
[2020-12-09T19:34:10.381055+08:00] log.DEBUG: SELECT `office_id` AS `lf`, `office` AS `df`, '' AS `df2`, '' AS `df3`, '' AS `df4` FROM `master_office` [] []
[2020-12-09T19:34:21.991452+08:00] log.DEBUG: SELECT `employee_username` AS `lf`, `employee_name` AS `df`, '' AS `df2`, '' AS `df3`, '' AS `df4` FROM `employee` [] []
[2020-12-09T19:34:22.067924+08:00] log.DEBUG: SELECT `office_id` AS `lf`, `office` AS `df`, '' AS `df2`, '' AS `df3`, '' AS `df4` FROM `master_office` [] []
[2020-12-09T19:34:23.063991+08:00] log.DEBUG: SELECT `employee_username` AS `lf`, `employee_name` AS `df`, '' AS `df2`, '' AS `df3`, '' AS `df4` FROM `employee` [] []
[2020-12-09T19:34:23.134998+08:00] log.DEBUG: SELECT `office_id` AS `lf`, `office` AS `df`, '' AS `df2`, '' AS `df3`, '' AS `df4` FROM `master_office` [] []
[2020-12-09T19:36:21.418554+08:00] log.DEBUG: SELECT `employee_username` AS `lf`, `employee_name` AS `df`, '' AS `df2`, '' AS `df3`, '' AS `df4` FROM `employee` [] []
[2020-12-09T19:36:21.497158+08:00] log.DEBUG: SELECT `office_id` AS `lf`, `office` AS `df`, '' AS `df2`, '' AS `df3`, '' AS `df4` FROM `master_office` [] []
[2020-12-09T19:56:32.556635+08:00] log.DEBUG: SELECT `employee_username` AS `lf`, `employee_name` AS `df`, '' AS `df2`, '' AS `df3`, '' AS `df4` FROM `employee` [] []
[2020-12-09T19:56:32.635240+08:00] log.DEBUG: SELECT `office_id` AS `lf`, `office` AS `df`, '' AS `df2`, '' AS `df3`, '' AS `df4` FROM `master_office` [] []
[2020-12-09T19:56:45.854459+08:00] log.DEBUG: SELECT `employee_username` AS `lf`, `employee_name` AS `df`, '' AS `df2`, '' AS `df3`, '' AS `df4` FROM `employee` [] []
[2020-12-09T19:56:45.936208+08:00] log.DEBUG: SELECT `office_id` AS `lf`, `office` AS `df`, '' AS `df2`, '' AS `df3`, '' AS `df4` FROM `master_office` [] []
[2020-12-09T19:56:57.918124+08:00] log.DEBUG: SELECT `employee_username` AS `lf`, `employee_name` AS `df`, '' AS `df2`, '' AS `df3`, '' AS `df4` FROM `employee` [] []
[2020-12-09T19:56:58.000672+08:00] log.DEBUG: SELECT `office_id` AS `lf`, `office` AS `df`, '' AS `df2`, '' AS `df3`, '' AS `df4` FROM `master_office` [] []
[2020-12-09T19:57:07.017135+08:00] log.DEBUG: SELECT `employee_username` AS `lf`, `employee_name` AS `df`, '' AS `df2`, '' AS `df3`, '' AS `df4` FROM `employee` [] []
[2020-12-09T19:57:07.105242+08:00] log.DEBUG: SELECT `office_id` AS `lf`, `office` AS `df`, '' AS `df2`, '' AS `df3`, '' AS `df4` FROM `master_office` [] []
[2020-12-09T19:58:31.224221+08:00] log.DEBUG: SELECT `employee_username` AS `lf`, `employee_name` AS `df`, '' AS `df2`, '' AS `df3`, '' AS `df4` FROM `employee` [] []
[2020-12-09T19:58:31.293251+08:00] log.DEBUG: SELECT `office_id` AS `lf`, `office` AS `df`, '' AS `df2`, '' AS `df3`, '' AS `df4` FROM `master_office` [] []
[2020-12-09T19:59:45.185487+08:00] log.DEBUG: SELECT `city_id` AS `lf`, `city` AS `df`, '' AS `df2`, '' AS `df3`, '' AS `df4` FROM `master_city` [] []
[2020-12-09T19:59:45.316817+08:00] log.DEBUG: SELECT `position_id` AS `lf`, `position` AS `df`, '' AS `df2`, '' AS `df3`, '' AS `df4` FROM `master_position` [] []
[2020-12-09T19:59:45.426508+08:00] log.DEBUG: SELECT `status_id` AS `lf`, `status` AS `df`, '' AS `df2`, '' AS `df3`, '' AS `df4` FROM `master_status` [] []
[2020-12-09T19:59:45.525908+08:00] log.DEBUG: SELECT `office_id` AS `lf`, `office` AS `df`, '' AS `df2`, '' AS `df3`, '' AS `df4` FROM `master_office` [] []
[2020-12-09T19:59:45.602643+08:00] log.DEBUG: SELECT `skill_id` AS `lf`, `skill` AS `df`, '' AS `df2`, '' AS `df3`, '' AS `df4` FROM `master_skill` [] []
[2020-12-09T19:59:45.689108+08:00] log.DEBUG: SELECT `userlevelid` AS `lf`, `userlevelname` AS `df`, '' AS `df2`, '' AS `df3`, '' AS `df4` FROM `userlevels` [] []
[2020-12-09T20:02:42.717974+08:00] log.DEBUG: SELECT `city_id` AS `lf`, `city` AS `df`, '' AS `df2`, '' AS `df3`, '' AS `df4` FROM `master_city` [] []
[2020-12-09T20:02:42.856030+08:00] log.DEBUG: SELECT `position_id` AS `lf`, `position` AS `df`, '' AS `df2`, '' AS `df3`, '' AS `df4` FROM `master_position` [] []
[2020-12-09T20:02:42.994902+08:00] log.DEBUG: SELECT `skill_id` AS `lf`, `skill` AS `df`, '' AS `df2`, '' AS `df3`, '' AS `df4` FROM `master_skill` [] []
[2020-12-09T20:02:43.134778+08:00] log.DEBUG: SELECT `status_id` AS `lf`, `status` AS `df`, '' AS `df2`, '' AS `df3`, '' AS `df4` FROM `master_status` [] []
[2020-12-09T20:02:43.255103+08:00] log.DEBUG: SELECT `office_id` AS `lf`, `office` AS `df`, '' AS `df2`, '' AS `df3`, '' AS `df4` FROM `master_office` [] []
[2020-12-09T20:02:43.379698+08:00] log.DEBUG: SELECT `userlevelid` AS `lf`, `userlevelname` AS `df`, '' AS `df2`, '' AS `df3`, '' AS `df4` FROM `userlevels` [] []
[2020-12-09T20:03:38.963395+08:00] log.DEBUG: SELECT `city_id` AS `lf`, `city` AS `df`, '' AS `df2`, '' AS `df3`, '' AS `df4` FROM `master_city` [] []
[2020-12-09T20:03:39.091434+08:00] log.DEBUG: SELECT `position_id` AS `lf`, `position` AS `df`, '' AS `df2`, '' AS `df3`, '' AS `df4` FROM `master_position` [] []
[2020-12-09T20:03:39.200095+08:00] log.DEBUG: SELECT `skill_id` AS `lf`, `skill` AS `df`, '' AS `df2`, '' AS `df3`, '' AS `df4` FROM `master_skill` [] []
[2020-12-09T20:03:39.288750+08:00] log.DEBUG: SELECT `status_id` AS `lf`, `status` AS `df`, '' AS `df2`, '' AS `df3`, '' AS `df4` FROM `master_status` [] []
[2020-12-09T20:03:39.372287+08:00] log.DEBUG: SELECT `office_id` AS `lf`, `office` AS `df`, '' AS `df2`, '' AS `df3`, '' AS `df4` FROM `master_office` [] []
[2020-12-09T20:03:39.442895+08:00] log.DEBUG: SELECT `userlevelid` AS `lf`, `userlevelname` AS `df`, '' AS `df2`, '' AS `df3`, '' AS `df4` FROM `userlevels` [] []
[2020-12-09T20:04:15.051763+08:00] log.DEBUG: SELECT `employee_username` AS `lf`, `employee_name` AS `df`, '' AS `df2`, '' AS `df3`, '' AS `df4` FROM `employee` [] []
[2020-12-09T20:04:15.160397+08:00] log.DEBUG: SELECT `shift_id` AS `lf`, `shift_name` AS `df`, '' AS `df2`, '' AS `df3`, '' AS `df4` FROM `master_shift` [] []
[2020-12-09T20:04:21.623657+08:00] log.DEBUG: SELECT `shift_id` AS `lf`, `shift_name` AS `df`, '' AS `df2`, '' AS `df3`, '' AS `df4` FROM `master_shift` [] []
[2020-12-09T20:04:21.721188+08:00] log.DEBUG: SELECT `employee_username` AS `lf`, `employee_name` AS `df`, '' AS `df2`, '' AS `df3`, '' AS `df4` FROM `employee` [] []
[2020-12-09T20:04:33.545908+08:00] log.DEBUG: SELECT `shift_id` AS `lf`, `shift_name` AS `df`, '' AS `df2`, '' AS `df3`, '' AS `df4` FROM `master_shift` [] []
[2020-12-09T20:04:33.617956+08:00] log.DEBUG: SELECT `employee_username` AS `lf`, `employee_name` AS `df`, '' AS `df2`, '' AS `df3`, '' AS `df4` FROM `employee` [] []
[2020-12-09T20:04:37.893132+08:00] log.DEBUG: SELECT `shift_id` AS `lf`, `shift_name` AS `df`, '' AS `df2`, '' AS `df3`, '' AS `df4` FROM `master_shift` [] []
[2020-12-09T20:04:37.965165+08:00] log.DEBUG: SELECT `employee_username` AS `lf`, `employee_name` AS `df`, '' AS `df2`, '' AS `df3`, '' AS `df4` FROM `employee` [] []
[2020-12-09T20:04:45.090824+08:00] log.DEBUG: SELECT `shift_id` AS `lf`, `shift_name` AS `df`, '' AS `df2`, '' AS `df3`, '' AS `df4` FROM `master_shift` [] []
[2020-12-09T20:04:45.160447+08:00] log.DEBUG: SELECT `employee_username` AS `lf`, `employee_name` AS `df`, '' AS `df2`, '' AS `df3`, '' AS `df4` FROM `employee` [] []
[2020-12-09T20:04:49.222645+08:00] log.DEBUG: SELECT `shift_id` AS `lf`, `shift_name` AS `df`, '' AS `df2`, '' AS `df3`, '' AS `df4` FROM `master_shift` [] []
[2020-12-09T20:04:49.306312+08:00] log.DEBUG: SELECT `employee_username` AS `lf`, `employee_name` AS `df`, '' AS `df2`, '' AS `df3`, '' AS `df4` FROM `employee` [] []
[2020-12-09T20:04:54.036940+08:00] log.DEBUG: SELECT `shift_id` AS `lf`, `shift_name` AS `df`, '' AS `df2`, '' AS `df3`, '' AS `df4` FROM `master_shift` [] []
[2020-12-09T20:04:54.125102+08:00] log.DEBUG: SELECT `employee_username` AS `lf`, `employee_name` AS `df`, '' AS `df2`, '' AS `df3`, '' AS `df4` FROM `employee` [] []
[2020-12-09T20:05:00.405671+08:00] log.DEBUG: SELECT `shift_id` AS `lf`, `shift_name` AS `df`, '' AS `df2`, '' AS `df3`, '' AS `df4` FROM `master_shift` [] []
[2020-12-09T20:05:00.514712+08:00] log.DEBUG: SELECT `employee_username` AS `lf`, `employee_name` AS `df`, '' AS `df2`, '' AS `df3`, '' AS `df4` FROM `employee` [] []
[2020-12-09T20:05:05.536510+08:00] log.DEBUG: SELECT `shift_id` AS `lf`, `shift_name` AS `df`, '' AS `df2`, '' AS `df3`, '' AS `df4` FROM `master_shift` [] []
[2020-12-09T20:05:05.598568+08:00] log.DEBUG: SELECT `employee_username` AS `lf`, `employee_name` AS `df`, '' AS `df2`, '' AS `df3`, '' AS `df4` FROM `employee` [] []
[2020-12-09T20:05:10.735302+08:00] log.DEBUG: SELECT `shift_id` AS `lf`, `shift_name` AS `df`, '' AS `df2`, '' AS `df3`, '' AS `df4` FROM `master_shift` [] []
[2020-12-09T20:05:10.802338+08:00] log.DEBUG: SELECT `employee_username` AS `lf`, `employee_name` AS `df`, '' AS `df2`, '' AS `df3`, '' AS `df4` FROM `employee` [] []
