[2020-12-12T13:21:38.597134+08:00] log.DEBUG: SELECT `position_id` AS `lf`, `position` AS `df`, '' AS `df2`, '' AS `df3`, '' AS `df4` FROM `master_position` [] []
[2020-12-12T13:21:38.772302+08:00] log.DEBUG: SELECT `city_id` AS `lf`, `city` AS `df`, '' AS `df2`, '' AS `df3`, '' AS `df4` FROM `master_city` [] []
[2020-12-12T13:21:38.947726+08:00] log.DEBUG: SELECT `skill_id` AS `lf`, `skill` AS `df`, '' AS `df2`, '' AS `df3`, '' AS `df4` FROM `master_skill` [] []
[2020-12-12T13:21:39.059629+08:00] log.DEBUG: SELECT `office_id` AS `lf`, `office` AS `df`, '' AS `df2`, '' AS `df3`, '' AS `df4` FROM `master_office` [] []
[2020-12-12T13:21:39.185273+08:00] log.DEBUG: SELECT `status_id` AS `lf`, `status` AS `df`, '' AS `df2`, '' AS `df3`, '' AS `df4` FROM `master_status` [] []
[2020-12-12T13:21:39.349733+08:00] log.DEBUG: SELECT `userlevelid` AS `lf`, `userlevelname` AS `df`, '' AS `df2`, '' AS `df3`, '' AS `df4` FROM `userlevels` [] []
[2020-12-12T13:22:09.247787+08:00] log.DEBUG: SELECT `customer_id` AS `lf`, `customer_name` AS `df`, '' AS `df2`, '' AS `df3`, '' AS `df4` FROM `customer` [] []
[2020-12-12T13:22:46.467076+08:00] log.DEBUG: SELECT `customer_id` AS `lf`, `customer_name` AS `df`, '' AS `df2`, '' AS `df3`, '' AS `df4` FROM `customer` [] []
[2020-12-12T13:22:59.258965+08:00] log.DEBUG: SELECT `customer_id` AS `lf`, `customer_name` AS `df`, '' AS `df2`, '' AS `df3`, '' AS `df4` FROM `customer` [] []
[2020-12-12T13:24:41.494461+08:00] log.DEBUG: SELECT `customer_id` AS `lf`, `customer_name` AS `df`, '' AS `df2`, '' AS `df3`, '' AS `df4` FROM `customer` [] []
[2020-12-12T13:26:01.737726+08:00] log.DEBUG: SELECT `customer_id` AS `lf`, `customer_name` AS `df`, '' AS `df2`, '' AS `df3`, '' AS `df4` FROM `customer` [] []
[2020-12-12T13:26:11.081186+08:00] log.DEBUG: SELECT `customer_id` AS `lf`, `customer_name` AS `df`, '' AS `df2`, '' AS `df3`, '' AS `df4` FROM `customer` [] []
[2020-12-12T13:26:19.388719+08:00] log.DEBUG: SELECT `customer_id` AS `lf`, `customer_name` AS `df`, '' AS `df2`, '' AS `df3`, '' AS `df4` FROM `customer` [] []
[2020-12-12T13:27:20.594567+08:00] log.DEBUG: SELECT `customer_id` AS `lf`, `customer_name` AS `df`, '' AS `df2`, '' AS `df3`, '' AS `df4` FROM `customer` [] []
[2020-12-12T13:31:01.292960+08:00] log.DEBUG: SELECT `customer_id` AS `lf`, `customer_name` AS `df`, '' AS `df2`, '' AS `df3`, '' AS `df4` FROM `customer` [] []
[2020-12-12T13:31:11.818676+08:00] log.DEBUG: SELECT `customer_id` AS `lf`, `customer_name` AS `df`, '' AS `df2`, '' AS `df3`, '' AS `df4` FROM `customer` [] []
[2020-12-12T13:31:23.157255+08:00] log.DEBUG: SELECT `customer_id` AS `lf`, `customer_name` AS `df`, '' AS `df2`, '' AS `df3`, '' AS `df4` FROM `customer` [] []
[2020-12-12T13:34:57.358079+08:00] log.DEBUG: SELECT `customer_id` AS `lf`, `customer_name` AS `df`, '' AS `df2`, '' AS `df3`, '' AS `df4` FROM `customer` [] []
[2020-12-12T13:39:59.355417+08:00] log.DEBUG: SELECT `customer_id` AS `lf`, `customer_name` AS `df`, '' AS `df2`, '' AS `df3`, '' AS `df4` FROM `customer` [] []
[2020-12-12T13:40:04.340122+08:00] log.DEBUG: SELECT `customer_id` AS `lf`, `customer_name` AS `df`, '' AS `df2`, '' AS `df3`, '' AS `df4` FROM `customer` [] []
[2020-12-12T13:40:09.016638+08:00] log.DEBUG: SELECT `customer_id` AS `lf`, `customer_name` AS `df`, '' AS `df2`, '' AS `df3`, '' AS `df4` FROM `customer` [] []
[2020-12-12T13:41:14.732017+08:00] log.DEBUG: SELECT `customer_id` AS `lf`, `customer_name` AS `df`, '' AS `df2`, '' AS `df3`, '' AS `df4` FROM `customer` [] []
[2020-12-12T13:41:20.055005+08:00] log.DEBUG: SELECT `customer_id` AS `lf`, `customer_name` AS `df`, '' AS `df2`, '' AS `df3`, '' AS `df4` FROM `customer` [] []
[2020-12-12T13:41:23.485926+08:00] log.DEBUG: SELECT `customer_id` AS `lf`, `customer_name` AS `df`, '' AS `df2`, '' AS `df3`, '' AS `df4` FROM `customer` [] []
[2020-12-12T13:43:22.395907+08:00] log.DEBUG: SELECT `customer_id` AS `lf`, `customer_name` AS `df`, '' AS `df2`, '' AS `df3`, '' AS `df4` FROM `customer` [] []
[2020-12-12T13:44:18.065054+08:00] log.DEBUG: SELECT `customer_id` AS `lf`, `customer_name` AS `df`, '' AS `df2`, '' AS `df3`, '' AS `df4` FROM `customer` [] []
[2020-12-12T13:44:24.296669+08:00] log.DEBUG: SELECT `customer_id` AS `lf`, `customer_name` AS `df`, '' AS `df2`, '' AS `df3`, '' AS `df4` FROM `customer` [] []
[2020-12-12T13:51:33.444529+08:00] log.DEBUG: SELECT `customer_id` AS `lf`, `customer_name` AS `df`, '' AS `df2`, '' AS `df3`, '' AS `df4` FROM `customer` [] []
[2020-12-12T13:51:38.294024+08:00] log.DEBUG: SELECT `customer_id` AS `lf`, `customer_name` AS `df`, '' AS `df2`, '' AS `df3`, '' AS `df4` FROM `customer` [] []
[2020-12-12T13:56:09.380071+08:00] log.DEBUG: SELECT `customer_id` AS `lf`, `customer_name` AS `df`, '' AS `df2`, '' AS `df3`, '' AS `df4` FROM `customer` [] []
[2020-12-12T13:56:16.227115+08:00] log.DEBUG: SELECT `customer_id` AS `lf`, `customer_name` AS `df`, '' AS `df2`, '' AS `df3`, '' AS `df4` FROM `customer` [] []
[2020-12-12T13:57:26.426524+08:00] log.DEBUG: SELECT `customer_id` AS `lf`, `customer_name` AS `df`, '' AS `df2`, '' AS `df3`, '' AS `df4` FROM `customer` [] []
[2020-12-12T14:00:20.087176+08:00] log.DEBUG: SELECT `customer_id` AS `lf`, `customer_name` AS `df`, '' AS `df2`, '' AS `df3`, '' AS `df4` FROM `customer` [] []
[2020-12-12T14:00:24.199315+08:00] log.DEBUG: SELECT `customer_id` AS `lf`, `customer_name` AS `df`, '' AS `df2`, '' AS `df3`, '' AS `df4` FROM `customer` [] []
[2020-12-12T14:01:40.726473+08:00] log.DEBUG: SELECT `customer_id` AS `lf`, `customer_name` AS `df`, '' AS `df2`, '' AS `df3`, '' AS `df4` FROM `customer` [] []
[2020-12-12T14:01:45.280101+08:00] log.DEBUG: SELECT `customer_id` AS `lf`, `customer_name` AS `df`, '' AS `df2`, '' AS `df3`, '' AS `df4` FROM `customer` [] []
[2020-12-12T14:01:57.235579+08:00] log.DEBUG: SELECT `customer_id` AS `lf`, `customer_name` AS `df`, '' AS `df2`, '' AS `df3`, '' AS `df4` FROM `customer` [] []
[2020-12-12T14:03:18.422523+08:00] log.DEBUG: SELECT `customer_id` AS `lf`, `customer_name` AS `df`, '' AS `df2`, '' AS `df3`, '' AS `df4` FROM `customer` [] []
[2020-12-12T14:03:36.495174+08:00] log.DEBUG: SELECT `customer_id` AS `lf`, `customer_name` AS `df`, '' AS `df2`, '' AS `df3`, '' AS `df4` FROM `customer` [] []
[2020-12-12T14:03:42.189701+08:00] log.DEBUG: SELECT `customer_id` AS `lf`, `customer_name` AS `df`, '' AS `df2`, '' AS `df3`, '' AS `df4` FROM `customer` [] []
[2020-12-12T14:17:46.992878+08:00] log.DEBUG: SELECT `customer_id` AS `lf`, `customer_name` AS `df`, '' AS `df2`, '' AS `df3`, '' AS `df4` FROM `customer` [] []
[2020-12-12T14:17:50.513493+08:00] log.DEBUG: SELECT `customer_id` AS `lf`, `customer_name` AS `df`, '' AS `df2`, '' AS `df3`, '' AS `df4` FROM `customer` [] []
[2020-12-12T14:18:12.801867+08:00] log.DEBUG: SELECT `customer_id` AS `lf`, `customer_name` AS `df`, '' AS `df2`, '' AS `df3`, '' AS `df4` FROM `customer` [] []
[2020-12-12T14:20:36.220176+08:00] log.DEBUG: SELECT `customer_id` AS `lf`, `customer_name` AS `df`, '' AS `df2`, '' AS `df3`, '' AS `df4` FROM `customer` [] []
[2020-12-12T14:20:44.092357+08:00] log.DEBUG: SELECT `customer_id` AS `lf`, `customer_name` AS `df`, '' AS `df2`, '' AS `df3`, '' AS `df4` FROM `customer` [] []
[2020-12-12T14:22:45.669206+08:00] log.DEBUG: SELECT `customer_id` AS `lf`, `customer_name` AS `df`, '' AS `df2`, '' AS `df3`, '' AS `df4` FROM `customer` [] []
[2020-12-12T14:24:12.666324+08:00] log.DEBUG: SELECT `customer_id` AS `lf`, `customer_name` AS `df`, '' AS `df2`, '' AS `df3`, '' AS `df4` FROM `customer` [] []
[2020-12-12T14:30:28.842121+08:00] log.DEBUG: SELECT `customer_id` AS `lf`, `customer_name` AS `df`, '' AS `df2`, '' AS `df3`, '' AS `df4` FROM `customer` [] []
[2020-12-12T14:30:35.527343+08:00] log.DEBUG: SELECT `customer_id` AS `lf`, `customer_name` AS `df`, '' AS `df2`, '' AS `df3`, '' AS `df4` FROM `customer` [] []
[2020-12-12T14:31:28.798116+08:00] log.DEBUG: SELECT `customer_id` AS `lf`, `customer_name` AS `df`, '' AS `df2`, '' AS `df3`, '' AS `df4` FROM `customer` [] []
[2020-12-12T14:40:48.760572+08:00] log.DEBUG: Slim Application Error Type: Error Code: 0 Message: Call to undefined function MEM\prjMitralPHP\ew_ExecuteScalar() File: C:\xampp\htdocs\mem\models\EmployeeQuotation.php Line: 1275 Trace: #0 C:\xampp\htdocs\mem\models\EmployeeQuotationAdd.php(748): MEM\prjMitralPHP\EmployeeQuotation->rowRendering() #1 C:\xampp\htdocs\mem\models\EmployeeQuotationAdd.php(567): MEM\prjMitralPHP\EmployeeQuotationAdd->renderRow() #2 C:\xampp\htdocs\mem\controllers\ControllerBase.php(50): MEM\prjMitralPHP\EmployeeQuotationAdd->run() #3 C:\xampp\htdocs\mem\controllers\EmployeeQuotationController.php(20): MEM\prjMitralPHP\ControllerBase->runPage(Object(Slim\Http\ServerRequest), Object(Slim\Http\Response), Array, 'EmployeeQuotati...') #4 C:\xampp\htdocs\mem\vendor\slim\slim\Slim\Handlers\Strategies\RequestResponse.php(43): MEM\prjMitralPHP\EmployeeQuotationController->add(Object(Slim\Http\ServerRequest), Object(Slim\Http\Response), Array) #5 C:\xampp\htdocs\mem\vendor\slim\slim\Slim\Routing\Route.php(384): Slim\Handlers\Strategies\RequestResponse->__invoke(Array, Object(Slim\Http\ServerRequest), Object(Slim\Http\Response), Array) #6 C:\xampp\htdocs\mem\src\PermissionMiddleware.php(115): Slim\Routing\Route->handle(Object(Slim\Http\ServerRequest)) #7 C:\xampp\htdocs\mem\vendor\slim\slim\Slim\MiddlewareDispatcher.php(209): MEM\prjMitralPHP\PermissionMiddleware->__invoke(Object(Slim\Http\ServerRequest), Object(Slim\Routing\Route)) #8 C:\xampp\htdocs\mem\vendor\slim\slim\Slim\MiddlewareDispatcher.php(81): class@anonymous->handle(Object(Slim\Http\ServerRequest)) #9 C:\xampp\htdocs\mem\vendor\slim\slim\Slim\MiddlewareDispatcher.php(81): Slim\MiddlewareDispatcher->handle(Object(Slim\Http\ServerRequest)) #10 C:\xampp\htdocs\mem\vendor\slim\slim\Slim\Routing\Route.php(341): Slim\MiddlewareDispatcher->handle(Object(Slim\Http\ServerRequest)) #11 C:\xampp\htdocs\mem\vendor\slim\slim\Slim\Routing\RouteRunner.php(84): Slim\Routing\Route->run(Object(Slim\Http\ServerRequest)) #12 C:\xampp\htdocs\mem\vendor\slim\slim\Slim\Middleware\BodyParsingMiddleware.php(68): Slim\Routing\RouteRunner->handle(Object(Slim\Http\ServerRequest)) #13 C:\xampp\htdocs\mem\vendor\slim\slim\Slim\MiddlewareDispatcher.php(147): Slim\Middleware\BodyParsingMiddleware->process(Object(Slim\Http\ServerRequest), Object(Slim\Routing\RouteRunner)) #14 C:\xampp\htdocs\mem\src\CorsMiddleware.php(32): class@anonymous->handle(Object(Slim\Http\ServerRequest)) #15 C:\xampp\htdocs\mem\vendor\slim\slim\Slim\MiddlewareDispatcher.php(147): MEM\prjMitralPHP\CorsMiddleware->process(Object(Slim\Http\ServerRequest), Object(class@anonymous)) #16 C:\xampp\htdocs\mem\vendor\slim\slim\Slim\Middleware\RoutingMiddleware.php(59): class@anonymous->handle(Object(Slim\Http\ServerRequest)) #17 C:\xampp\htdocs\mem\vendor\slim\slim\Slim\MiddlewareDispatcher.php(147): Slim\Middleware\RoutingMiddleware->process(Object(Slim\Http\ServerRequest), Object(class@anonymous)) #18 C:\xampp\htdocs\mem\vendor\selective\samesite-cookie\src\SameSiteCookieMiddleware.php(52): class@anonymous->handle(Object(Slim\Http\ServerRequest)) #19 C:\xampp\htdocs\mem\vendor\slim\slim\Slim\MiddlewareDispatcher.php(147): Selective\SameSiteCookie\SameSiteCookieMiddleware->process(Object(Slim\Http\ServerRequest), Object(class@anonymous)) #20 C:\xampp\htdocs\mem\vendor\selective\samesite-cookie\src\SameSiteSessionMiddleware.php(50): class@anonymous->handle(Object(Slim\Http\ServerRequest)) #21 C:\xampp\htdocs\mem\vendor\slim\slim\Slim\MiddlewareDispatcher.php(147): Selective\SameSiteCookie\SameSiteSessionMiddleware->process(Object(Slim\Http\ServerRequest), Object(class@anonymous)) #22 C:\xampp\htdocs\mem\vendor\slim\slim\Slim\Middleware\ErrorMiddleware.php(107): class@anonymous->handle(Object(Slim\Http\ServerRequest)) #23 C:\xampp\htdocs\mem\vendor\slim\slim\Slim\MiddlewareDispatcher.php(147): Slim\Middleware\ErrorMiddleware->process(Object(Slim\Http\ServerRequest), Object(class@anonymous)) #24 C:\xampp\htdocs\mem\vendor\slim\slim\Slim\MiddlewareDispatcher.php(81): class@anonymous->handle(Object(Slim\Http\ServerRequest)) #25 C:\xampp\htdocs\mem\vendor\slim\slim\Slim\App.php(215): Slim\MiddlewareDispatcher->handle(Object(Slim\Http\ServerRequest)) #26 C:\xampp\htdocs\mem\vendor\slim\slim\Slim\App.php(199): Slim\App->handle(Object(Slim\Http\ServerRequest)) #27 C:\xampp\htdocs\mem\index.php(116): Slim\App->run() #28 {main} [] []
[2020-12-12T14:48:52.112462+08:00] log.DEBUG: SELECT `customer_id` AS `lf`, `customer_name` AS `df`, '' AS `df2`, '' AS `df3`, '' AS `df4` FROM `customer` [] []
[2020-12-12T14:49:12.762646+08:00] log.DEBUG: Slim Application Error Type: Error Code: 0 Message: Object of class Doctrine\DBAL\Driver\Mysqli\Statement could not be converted to string File: C:\xampp\htdocs\mem\models\EmployeeQuotation.php Line: 1277 Trace: #0 C:\xampp\htdocs\mem\models\EmployeeQuotationAdd.php(748): MEM\prjMitralPHP\EmployeeQuotation->rowRendering() #1 C:\xampp\htdocs\mem\models\EmployeeQuotationAdd.php(567): MEM\prjMitralPHP\EmployeeQuotationAdd->renderRow() #2 C:\xampp\htdocs\mem\controllers\ControllerBase.php(50): MEM\prjMitralPHP\EmployeeQuotationAdd->run() #3 C:\xampp\htdocs\mem\controllers\EmployeeQuotationController.php(20): MEM\prjMitralPHP\ControllerBase->runPage(Object(Slim\Http\ServerRequest), Object(Slim\Http\Response), Array, 'EmployeeQuotati...') #4 C:\xampp\htdocs\mem\vendor\slim\slim\Slim\Handlers\Strategies\RequestResponse.php(43): MEM\prjMitralPHP\EmployeeQuotationController->add(Object(Slim\Http\ServerRequest), Object(Slim\Http\Response), Array) #5 C:\xampp\htdocs\mem\vendor\slim\slim\Slim\Routing\Route.php(384): Slim\Handlers\Strategies\RequestResponse->__invoke(Array, Object(Slim\Http\ServerRequest), Object(Slim\Http\Response), Array) #6 C:\xampp\htdocs\mem\src\PermissionMiddleware.php(115): Slim\Routing\Route->handle(Object(Slim\Http\ServerRequest)) #7 C:\xampp\htdocs\mem\vendor\slim\slim\Slim\MiddlewareDispatcher.php(209): MEM\prjMitralPHP\PermissionMiddleware->__invoke(Object(Slim\Http\ServerRequest), Object(Slim\Routing\Route)) #8 C:\xampp\htdocs\mem\vendor\slim\slim\Slim\MiddlewareDispatcher.php(81): class@anonymous->handle(Object(Slim\Http\ServerRequest)) #9 C:\xampp\htdocs\mem\vendor\slim\slim\Slim\MiddlewareDispatcher.php(81): Slim\MiddlewareDispatcher->handle(Object(Slim\Http\ServerRequest)) #10 C:\xampp\htdocs\mem\vendor\slim\slim\Slim\Routing\Route.php(341): Slim\MiddlewareDispatcher->handle(Object(Slim\Http\ServerRequest)) #11 C:\xampp\htdocs\mem\vendor\slim\slim\Slim\Routing\RouteRunner.php(84): Slim\Routing\Route->run(Object(Slim\Http\ServerRequest)) #12 C:\xampp\htdocs\mem\vendor\slim\slim\Slim\Middleware\BodyParsingMiddleware.php(68): Slim\Routing\RouteRunner->handle(Object(Slim\Http\ServerRequest)) #13 C:\xampp\htdocs\mem\vendor\slim\slim\Slim\MiddlewareDispatcher.php(147): Slim\Middleware\BodyParsingMiddleware->process(Object(Slim\Http\ServerRequest), Object(Slim\Routing\RouteRunner)) #14 C:\xampp\htdocs\mem\src\CorsMiddleware.php(32): class@anonymous->handle(Object(Slim\Http\ServerRequest)) #15 C:\xampp\htdocs\mem\vendor\slim\slim\Slim\MiddlewareDispatcher.php(147): MEM\prjMitralPHP\CorsMiddleware->process(Object(Slim\Http\ServerRequest), Object(class@anonymous)) #16 C:\xampp\htdocs\mem\vendor\slim\slim\Slim\Middleware\RoutingMiddleware.php(59): class@anonymous->handle(Object(Slim\Http\ServerRequest)) #17 C:\xampp\htdocs\mem\vendor\slim\slim\Slim\MiddlewareDispatcher.php(147): Slim\Middleware\RoutingMiddleware->process(Object(Slim\Http\ServerRequest), Object(class@anonymous)) #18 C:\xampp\htdocs\mem\vendor\selective\samesite-cookie\src\SameSiteCookieMiddleware.php(52): class@anonymous->handle(Object(Slim\Http\ServerRequest)) #19 C:\xampp\htdocs\mem\vendor\slim\slim\Slim\MiddlewareDispatcher.php(147): Selective\SameSiteCookie\SameSiteCookieMiddleware->process(Object(Slim\Http\ServerRequest), Object(class@anonymous)) #20 C:\xampp\htdocs\mem\vendor\selective\samesite-cookie\src\SameSiteSessionMiddleware.php(50): class@anonymous->handle(Object(Slim\Http\ServerRequest)) #21 C:\xampp\htdocs\mem\vendor\slim\slim\Slim\MiddlewareDispatcher.php(147): Selective\SameSiteCookie\SameSiteSessionMiddleware->process(Object(Slim\Http\ServerRequest), Object(class@anonymous)) #22 C:\xampp\htdocs\mem\vendor\slim\slim\Slim\Middleware\ErrorMiddleware.php(107): class@anonymous->handle(Object(Slim\Http\ServerRequest)) #23 C:\xampp\htdocs\mem\vendor\slim\slim\Slim\MiddlewareDispatcher.php(147): Slim\Middleware\ErrorMiddleware->process(Object(Slim\Http\ServerRequest), Object(class@anonymous)) #24 C:\xampp\htdocs\mem\vendor\slim\slim\Slim\MiddlewareDispatcher.php(81): class@anonymous->handle(Object(Slim\Http\ServerRequest)) #25 C:\xampp\htdocs\mem\vendor\slim\slim\Slim\App.php(215): Slim\MiddlewareDispatcher->handle(Object(Slim\Http\ServerRequest)) #26 C:\xampp\htdocs\mem\vendor\slim\slim\Slim\App.php(199): Slim\App->handle(Object(Slim\Http\ServerRequest)) #27 C:\xampp\htdocs\mem\index.php(116): Slim\App->run() #28 {main} [] []
[2020-12-12T14:53:49.414549+08:00] log.DEBUG: SELECT `customer_id` AS `lf`, `customer_name` AS `df`, '' AS `df2`, '' AS `df3`, '' AS `df4` FROM `customer` [] []
[2020-12-12T14:54:57.510866+08:00] log.DEBUG: SELECT `customer_id` AS `lf`, `customer_name` AS `df`, '' AS `df2`, '' AS `df3`, '' AS `df4` FROM `customer` [] []
[2020-12-12T15:00:29.304875+08:00] log.DEBUG: SELECT `customer_id` AS `lf`, `customer_name` AS `df`, '' AS `df2`, '' AS `df3`, '' AS `df4` FROM `customer` [] []
[2020-12-12T15:01:08.442172+08:00] log.DEBUG: SELECT `customer_id` AS `lf`, `customer_name` AS `df`, '' AS `df2`, '' AS `df3`, '' AS `df4` FROM `customer` [] []
[2020-12-12T15:03:19.912205+08:00] log.DEBUG: SELECT `customer_id` AS `lf`, `customer_name` AS `df`, '' AS `df2`, '' AS `df3`, '' AS `df4` FROM `customer` [] []
[2020-12-12T15:05:31.572736+08:00] log.DEBUG: SELECT `customer_id` AS `lf`, `customer_name` AS `df`, '' AS `df2`, '' AS `df3`, '' AS `df4` FROM `customer` [] []
[2020-12-12T15:05:35.168434+08:00] log.DEBUG: SELECT `customer_id` AS `lf`, `customer_name` AS `df`, '' AS `df2`, '' AS `df3`, '' AS `df4` FROM `customer` [] []
[2020-12-12T15:05:39.169892+08:00] log.DEBUG: SELECT `customer_id` AS `lf`, `customer_name` AS `df`, '' AS `df2`, '' AS `df3`, '' AS `df4` FROM `customer` [] []
[2020-12-12T15:06:03.866216+08:00] log.DEBUG: SELECT `customer_id` AS `lf`, `customer_name` AS `df`, '' AS `df2`, '' AS `df3`, '' AS `df4` FROM `customer` [] []
[2020-12-12T15:06:25.242440+08:00] log.DEBUG: SELECT `customer_id` AS `lf`, `customer_name` AS `df`, '' AS `df2`, '' AS `df3`, '' AS `df4` FROM `customer` [] []
[2020-12-12T15:08:38.167554+08:00] log.DEBUG: SELECT `customer_id` AS `lf`, `customer_name` AS `df`, '' AS `df2`, '' AS `df3`, '' AS `df4` FROM `customer` [] []
[2020-12-12T15:11:19.234306+08:00] log.DEBUG: SELECT `customer_id` AS `lf`, `customer_name` AS `df`, '' AS `df2`, '' AS `df3`, '' AS `df4` FROM `customer` [] []
[2020-12-12T15:11:29.787885+08:00] log.DEBUG: SELECT `customer_id` AS `lf`, `customer_name` AS `df`, '' AS `df2`, '' AS `df3`, '' AS `df4` FROM `customer` [] []
[2020-12-12T15:12:19.986607+08:00] log.DEBUG: SELECT `customer_id` AS `lf`, `customer_name` AS `df`, '' AS `df2`, '' AS `df3`, '' AS `df4` FROM `customer` [] []
[2020-12-12T15:12:25.442734+08:00] log.DEBUG: SELECT `customer_id` AS `lf`, `customer_name` AS `df`, '' AS `df2`, '' AS `df3`, '' AS `df4` FROM `customer` [] []
[2020-12-12T15:12:51.210022+08:00] log.DEBUG: SELECT `customer_id` AS `lf`, `customer_name` AS `df`, '' AS `df2`, '' AS `df3`, '' AS `df4` FROM `customer` [] []
[2020-12-12T15:13:54.391247+08:00] log.DEBUG: SELECT `customer_id` AS `lf`, `customer_name` AS `df`, '' AS `df2`, '' AS `df3`, '' AS `df4` FROM `customer` [] []
[2020-12-12T15:14:06.068186+08:00] log.DEBUG: SELECT `customer_id` AS `lf`, `customer_name` AS `df`, '' AS `df2`, '' AS `df3`, '' AS `df4` FROM `customer` [] []
[2020-12-12T15:15:58.978687+08:00] log.DEBUG: SELECT `customer_id` AS `lf`, `customer_name` AS `df`, '' AS `df2`, '' AS `df3`, '' AS `df4` FROM `customer` [] []
[2020-12-12T15:16:20.935381+08:00] log.DEBUG: SELECT `customer_id` AS `lf`, `customer_name` AS `df`, '' AS `df2`, '' AS `df3`, '' AS `df4` FROM `customer` [] []
[2020-12-12T15:19:32.079108+08:00] log.DEBUG: SELECT `customer_id` AS `lf`, `customer_name` AS `df`, '' AS `df2`, '' AS `df3`, '' AS `df4` FROM `customer` [] []
[2020-12-12T15:21:09.526464+08:00] log.DEBUG: SELECT `customer_id` AS `lf`, `customer_name` AS `df`, '' AS `df2`, '' AS `df3`, '' AS `df4` FROM `customer` [] []
[2020-12-12T15:22:29.329392+08:00] log.DEBUG: SELECT `customer_id` AS `lf`, `customer_name` AS `df`, '' AS `df2`, '' AS `df3`, '' AS `df4` FROM `customer` [] []
[2020-12-12T15:23:05.595586+08:00] log.DEBUG: SELECT `customer_id` AS `lf`, `customer_name` AS `df`, '' AS `df2`, '' AS `df3`, '' AS `df4` FROM `customer` [] []
[2020-12-12T15:24:03.153188+08:00] log.DEBUG: SELECT `customer_id` AS `lf`, `customer_name` AS `df`, '' AS `df2`, '' AS `df3`, '' AS `df4` FROM `customer` [] []
[2020-12-12T15:25:07.303913+08:00] log.DEBUG: SELECT `customer_id` AS `lf`, `customer_name` AS `df`, '' AS `df2`, '' AS `df3`, '' AS `df4` FROM `customer` [] []
[2020-12-12T15:29:49.045888+08:00] log.DEBUG: SELECT `customer_id` AS `lf`, `customer_name` AS `df`, '' AS `df2`, '' AS `df3`, '' AS `df4` FROM `customer` [] []
[2020-12-12T15:35:49.897110+08:00] log.DEBUG: SELECT `customer_id` AS `lf`, `customer_name` AS `df`, '' AS `df2`, '' AS `df3`, '' AS `df4` FROM `customer` [] []
[2020-12-12T16:15:34.080216+08:00] log.DEBUG: SELECT `quotation_no` AS `lf`, `quotation_no` AS `df`, '' AS `df2`, '' AS `df3`, '' AS `df4` FROM `employee_quotation` WHERE `quotation_no` IN ('139715') [] []
[2020-12-12T16:17:04.737417+08:00] log.DEBUG: SELECT `quotation_no` AS `lf`, `quotation_no` AS `df`, '' AS `df2`, '' AS `df3`, '' AS `df4` FROM `employee_quotation` WHERE `quotation_no` IN ('171494') [] []
[2020-12-12T16:17:13.991057+08:00] log.DEBUG: SELECT `quotation_no` AS `lf`, `quotation_no` AS `df`, '' AS `df2`, '' AS `df3`, '' AS `df4` FROM `employee_quotation` WHERE `quotation_no` LIKE 'MITRAL/20/12/Q/00000%' LIMIT 10 [] []
[2020-12-12T16:17:16.631717+08:00] log.DEBUG: SELECT `quotation_no` AS `lf`, `quotation_no` AS `df`, '' AS `df2`, '' AS `df3`, '' AS `df4` FROM `employee_quotation` WHERE `quotation_no` IN ('MITRAL/20/12/Q/00000') [] []
[2020-12-12T16:17:17.360757+08:00] log.DEBUG: SELECT `quotation_no` AS `lf`, `quotation_no` AS `df`, '' AS `df2`, '' AS `df3`, '' AS `df4` FROM `employee_quotation` WHERE `quotation_no` LIKE 'MITRAL/20/12/Q/00000%' LIMIT 10 [] []
[2020-12-12T16:17:20.849975+08:00] log.DEBUG: SELECT `quotation_no` AS `lf`, `quotation_no` AS `df`, '' AS `df2`, '' AS `df3`, '' AS `df4` FROM `employee_quotation` WHERE `quotation_no` IN ('MITRAL/20/12/Q/00000') [] []
[2020-12-12T16:17:22.578748+08:00] log.DEBUG: SELECT `quotation_no` AS `lf`, `quotation_no` AS `df`, '' AS `df2`, '' AS `df3`, '' AS `df4` FROM `employee_quotation` WHERE `quotation_no` LIKE 'MITRAL/20/12/Q/00000%' LIMIT 10 [] []
[2020-12-12T16:17:26.143358+08:00] log.DEBUG: SELECT `quotation_no` AS `lf`, `quotation_no` AS `df`, '' AS `df2`, '' AS `df3`, '' AS `df4` FROM `employee_quotation` WHERE `quotation_no` IN ('MITRAL/20/12/Q/000001') [] []
[2020-12-12T16:18:42.810726+08:00] log.DEBUG: SELECT `quotation_no` AS `lf`, `quotation_no` AS `df`, '' AS `df2`, '' AS `df3`, '' AS `df4` FROM `employee_quotation` WHERE `quotation_no` IN ('MITRAL/20/12/Q/000001') [] []
[2020-12-12T16:19:57.489608+08:00] log.DEBUG: SELECT `quotation_no` AS `lf`, `quotation_no` AS `df`, '' AS `df2`, '' AS `df3`, '' AS `df4` FROM `employee_quotation` WHERE `quotation_no` IN ('MITRAL/20/12/Q/000001') [] []
[2020-12-12T19:16:53.759510+08:00] log.DEBUG: SELECT `quotation_no` AS `lf`, `quotation_no` AS `df`, '' AS `df2`, '' AS `df3`, '' AS `df4` FROM `employee_quotation` WHERE `quotation_no` IN ('162246') [] []
[2020-12-12T19:20:38.219336+08:00] log.DEBUG: SELECT `quotation_no` AS `lf`, `quotation_no` AS `df`, '' AS `df2`, '' AS `df3`, '' AS `df4` FROM `employee_quotation` WHERE `quotation_no` IN ('166925') [] []
[2020-12-12T19:23:10.560964+08:00] log.DEBUG: SELECT `quotation_no` AS `lf`, `quotation_no` AS `df`, '' AS `df2`, '' AS `df3`, '' AS `df4` FROM `employee_quotation` WHERE `quotation_no` IN ('178299') [] []
[2020-12-12T19:23:16.004617+08:00] log.DEBUG: SELECT `quotation_no` AS `lf`, `quotation_no` AS `df`, '' AS `df2`, '' AS `df3`, '' AS `df4` FROM `employee_quotation` WHERE `quotation_no` IN ('171251') [] []
[2020-12-12T19:23:29.031423+08:00] log.DEBUG: SELECT `quotation_no` AS `lf`, `quotation_no` AS `df`, '' AS `df2`, '' AS `df3`, '' AS `df4` FROM `employee_quotation` WHERE `quotation_no` IN ('184421') [] []
[2020-12-12T19:23:34.402411+08:00] log.DEBUG: SELECT `quotation_no` AS `lf`, `quotation_no` AS `df`, '' AS `df2`, '' AS `df3`, '' AS `df4` FROM `employee_quotation` WHERE `quotation_no` LIKE 'Qutotation No Date %' LIMIT 10 [] []
[2020-12-12T19:23:36.231100+08:00] log.DEBUG: SELECT `quotation_no` AS `lf`, `quotation_no` AS `df`, '' AS `df2`, '' AS `df3`, '' AS `df4` FROM `employee_quotation` WHERE `quotation_no` LIKE 'Qutotation No Dat%' LIMIT 10 [] []
[2020-12-12T19:23:37.278371+08:00] log.DEBUG: SELECT `quotation_no` AS `lf`, `quotation_no` AS `df`, '' AS `df2`, '' AS `df3`, '' AS `df4` FROM `employee_quotation` WHERE `quotation_no` LIKE '%' LIMIT 10 [] []
[2020-12-12T19:23:53.529845+08:00] log.DEBUG: SELECT `quotation_no` AS `lf`, `quotation_no` AS `df`, '' AS `df2`, '' AS `df3`, '' AS `df4` FROM `employee_quotation` WHERE `quotation_no` IN ('159266') [] []
[2020-12-12T19:23:56.247976+08:00] log.DEBUG: SELECT `quotation_no` AS `lf`, `quotation_no` AS `df`, '' AS `df2`, '' AS `df3`, '' AS `df4` FROM `employee_quotation` WHERE `quotation_no` LIKE 'MITRAL/20/12/Q/00000%' LIMIT 10 [] []
[2020-12-12T19:24:00.340202+08:00] log.DEBUG: SELECT `quotation_no` AS `lf`, `quotation_no` AS `df`, '' AS `df2`, '' AS `df3`, '' AS `df4` FROM `employee_quotation` WHERE `quotation_no` LIKE 'MITRAL/20/12/Q/000001%' LIMIT 10 [] []
[2020-12-12T19:24:03.569321+08:00] log.DEBUG: SELECT `quotation_no` AS `lf`, `quotation_no` AS `df`, '' AS `df2`, '' AS `df3`, '' AS `df4` FROM `employee_quotation` WHERE `quotation_no` IN ('MITRAL/20/12/Q/000001') [] []
[2020-12-12T19:24:05.527437+08:00] log.DEBUG: SELECT `quotation_no` AS `lf`, `quotation_no` AS `df`, '' AS `df2`, '' AS `df3`, '' AS `df4` FROM `employee_quotation` WHERE `quotation_no` IN ('MITRAL/20/12/Q/000001') [] []
[2020-12-12T19:24:09.825840+08:00] log.DEBUG: SELECT `quotation_no` AS `lf`, `quotation_no` AS `df`, '' AS `df2`, '' AS `df3`, '' AS `df4` FROM `employee_quotation` WHERE `quotation_no` IN ('MITRAL/20/12/Q/000001') [] []
[2020-12-12T19:24:32.267291+08:00] log.DEBUG: SELECT `quotation_no` AS `lf`, `quotation_no` AS `df`, '' AS `df2`, '' AS `df3`, '' AS `df4` FROM `employee_quotation` WHERE `quotation_no` IN ('MITRAL/20/12/Q/000001') [] []
[2020-12-12T19:24:34.349345+08:00] log.DEBUG: SELECT `quotation_no` AS `lf`, `quotation_no` AS `df`, '' AS `df2`, '' AS `df3`, '' AS `df4` FROM `employee_quotation` WHERE `quotation_no` IN ('140376') [] []
[2020-12-12T19:24:55.825349+08:00] log.DEBUG: SELECT `quotation_no` AS `lf`, `quotation_no` AS `df`, '' AS `df2`, '' AS `df3`, '' AS `df4` FROM `employee_quotation` WHERE `quotation_no` IN ('150841') [] []
[2020-12-12T19:25:04.866121+08:00] log.DEBUG: SELECT `quotation_no` AS `lf`, `quotation_no` AS `df`, '' AS `df2`, '' AS `df3`, '' AS `df4` FROM `employee_quotation` WHERE `quotation_no` IN ('176511') [] []
[2020-12-12T19:25:10.988836+08:00] log.DEBUG: SELECT `quotation_no` AS `lf`, `quotation_no` AS `df`, '' AS `df2`, '' AS `df3`, '' AS `df4` FROM `employee_quotation` WHERE `quotation_no` IN ('156625') [] []
[2020-12-12T19:32:51.083236+08:00] log.DEBUG: SELECT `quotation_no` AS `lf`, `quotation_no` AS `df`, '' AS `df2`, '' AS `df3`, '' AS `df4` FROM `employee_quotation` WHERE `quotation_no` IN ('159475') [] []
[2020-12-12T19:32:55.919310+08:00] log.DEBUG: SELECT `quotation_no` AS `lf`, `quotation_no` AS `df`, '' AS `df2`, '' AS `df3`, '' AS `df4` FROM `employee_quotation` WHERE `quotation_no` LIKE 'mit%' LIMIT 10 [] []
[2020-12-12T19:32:59.319089+08:00] log.DEBUG: SELECT `quotation_no` AS `lf`, `quotation_no` AS `df`, '' AS `df2`, '' AS `df3`, '' AS `df4` FROM `employee_quotation` WHERE `quotation_no` IN ('mit') [] []
[2020-12-12T19:33:08.721473+08:00] log.DEBUG: SELECT `quotation_no` AS `lf`, `quotation_no` AS `df`, '' AS `df2`, '' AS `df3`, '' AS `df4` FROM `employee_quotation` WHERE `quotation_no` IN ('mit') [] []
[2020-12-12T19:35:01.001656+08:00] log.DEBUG: SELECT `quotation_no` AS `lf`, `quotation_no` AS `df`, '' AS `df2`, '' AS `df3`, '' AS `df4` FROM `employee_quotation` WHERE `quotation_no` IN ('mit') [] []
[2020-12-12T19:51:33.775998+08:00] log.DEBUG: SELECT `customer_id` AS `lf`, `customer_name` AS `df`, '' AS `df2`, '' AS `df3`, '' AS `df4` FROM `customer` [] []
[2020-12-12T19:51:38.108323+08:00] log.DEBUG: SELECT `customer_id` AS `lf`, `customer_name` AS `df`, '' AS `df2`, '' AS `df3`, '' AS `df4` FROM `customer` [] []
[2020-12-12T20:10:30.719935+08:00] log.DEBUG: SELECT `quotation_id` AS `lf`, `quotation_no` AS `df`, '' AS `df2`, '' AS `df3`, '' AS `df4` FROM `employee_quotation` [] []
[2020-12-12T20:10:39.682712+08:00] log.DEBUG: SELECT `quotation_id` AS `lf`, `quotation_no` AS `df`, '' AS `df2`, '' AS `df3`, '' AS `df4` FROM `employee_quotation` [] []
[2020-12-12T20:10:43.461598+08:00] log.DEBUG: SELECT `quotation_id` AS `lf`, `quotation_no` AS `df`, '' AS `df2`, '' AS `df3`, '' AS `df4` FROM `employee_quotation` [] []
[2020-12-12T20:10:52.043580+08:00] log.DEBUG: SELECT `quotation_id` AS `lf`, `quotation_no` AS `df`, '' AS `df2`, '' AS `df3`, '' AS `df4` FROM `employee_quotation` [] []
[2020-12-12T20:11:29.130780+08:00] log.DEBUG: SELECT `quotation_id` AS `lf`, `quotation_no` AS `df`, '' AS `df2`, '' AS `df3`, '' AS `df4` FROM `employee_quotation` [] []
[2020-12-12T20:11:42.498502+08:00] log.DEBUG: SELECT `quotation_id` AS `lf`, `quotation_no` AS `df`, '' AS `df2`, '' AS `df3`, '' AS `df4` FROM `employee_quotation` [] []
[2020-12-12T20:13:42.938754+08:00] log.DEBUG: SELECT `quotation_id` AS `lf`, `quotation_no` AS `df`, '' AS `df2`, '' AS `df3`, '' AS `df4` FROM `employee_quotation` [] []
[2020-12-12T20:14:15.333216+08:00] log.DEBUG: SELECT `quotation_id` AS `lf`, `quotation_no` AS `df`, '' AS `df2`, '' AS `df3`, '' AS `df4` FROM `employee_quotation` [] []
[2020-12-12T20:15:02.346011+08:00] log.DEBUG: SELECT `quotation_id` AS `lf`, `quotation_no` AS `df`, '' AS `df2`, '' AS `df3`, '' AS `df4` FROM `employee_quotation` [] []
[2020-12-12T20:16:20.125752+08:00] log.DEBUG: SELECT `quotation_id` AS `lf`, `quotation_no` AS `df`, '' AS `df2`, '' AS `df3`, '' AS `df4` FROM `employee_quotation` [] []
[2020-12-12T20:17:35.367925+08:00] log.DEBUG: SELECT `quotation_id` AS `lf`, `quotation_no` AS `df`, '' AS `df2`, '' AS `df3`, '' AS `df4` FROM `employee_quotation` [] []
[2020-12-12T20:17:38.616774+08:00] log.DEBUG: SELECT `quotation_id` AS `lf`, `quotation_no` AS `df`, '' AS `df2`, '' AS `df3`, '' AS `df4` FROM `employee_quotation` [] []
[2020-12-12T20:18:47.251468+08:00] log.DEBUG: SELECT `quotation_id` AS `lf`, `quotation_no` AS `df`, '' AS `df2`, '' AS `df3`, '' AS `df4` FROM `employee_quotation` [] []
[2020-12-12T20:19:01.666372+08:00] log.DEBUG: SELECT `quotation_id` AS `lf`, `quotation_no` AS `df`, '' AS `df2`, '' AS `df3`, '' AS `df4` FROM `employee_quotation` [] []
[2020-12-12T20:21:14.989653+08:00] log.DEBUG: SELECT `quotation_id` AS `lf`, `quotation_no` AS `df`, '' AS `df2`, '' AS `df3`, '' AS `df4` FROM `employee_quotation` [] []
[2020-12-12T20:22:25.887548+08:00] log.DEBUG: SELECT `quotation_id` AS `lf`, `quotation_no` AS `df`, '' AS `df2`, '' AS `df3`, '' AS `df4` FROM `employee_quotation` [] []
[2020-12-12T20:25:57.269385+08:00] log.DEBUG: SELECT `quotation_id` AS `lf`, `quotation_no` AS `df`, '' AS `df2`, '' AS `df3`, '' AS `df4` FROM `employee_quotation` [] []
[2020-12-12T20:26:04.104537+08:00] log.DEBUG: SELECT `quotation_id` AS `lf`, `quotation_no` AS `df`, '' AS `df2`, '' AS `df3`, '' AS `df4` FROM `employee_quotation` [] []
[2020-12-12T20:26:06.893649+08:00] log.DEBUG: SELECT `quotation_id` AS `lf`, `quotation_no` AS `df`, '' AS `df2`, '' AS `df3`, '' AS `df4` FROM `employee_quotation` [] []
[2020-12-12T20:26:09.076349+08:00] log.DEBUG: SELECT `quotation_id` AS `lf`, `quotation_no` AS `df`, '' AS `df2`, '' AS `df3`, '' AS `df4` FROM `employee_quotation` [] []
[2020-12-12T20:26:10.835457+08:00] log.DEBUG: SELECT `quotation_id` AS `lf`, `quotation_no` AS `df`, '' AS `df2`, '' AS `df3`, '' AS `df4` FROM `employee_quotation` [] []
[2020-12-12T20:27:50.213540+08:00] log.DEBUG: SELECT `quotation_id` AS `lf`, `quotation_no` AS `df`, '' AS `df2`, '' AS `df3`, '' AS `df4` FROM `employee_quotation` [] []
[2020-12-12T20:30:40.280428+08:00] log.DEBUG: SELECT `quotation_id` AS `lf`, `quotation_no` AS `df`, '' AS `df2`, '' AS `df3`, '' AS `df4` FROM `employee_quotation` [] []
[2020-12-12T20:31:50.365024+08:00] log.DEBUG: SELECT `quotation_id` AS `lf`, `quotation_no` AS `df`, '' AS `df2`, '' AS `df3`, '' AS `df4` FROM `employee_quotation` [] []
[2020-12-12T20:37:06.723992+08:00] log.DEBUG: SELECT `quotation_id` AS `lf`, `quotation_no` AS `df`, '' AS `df2`, '' AS `df3`, '' AS `df4` FROM `employee_quotation` [] []
[2020-12-12T20:40:10.321271+08:00] log.DEBUG: SELECT `quotation_id` AS `lf`, `quotation_no` AS `df`, '' AS `df2`, '' AS `df3`, '' AS `df4` FROM `employee_quotation` [] []
[2020-12-12T20:42:54.637125+08:00] log.DEBUG: SELECT `quotation_id` AS `lf`, `quotation_no` AS `df`, '' AS `df2`, '' AS `df3`, '' AS `df4` FROM `employee_quotation` [] []
[2020-12-12T20:44:13.113202+08:00] log.DEBUG: SELECT `quotation_id` AS `lf`, `quotation_no` AS `df`, '' AS `df2`, '' AS `df3`, '' AS `df4` FROM `employee_quotation` [] []
[2020-12-12T20:44:17.165475+08:00] log.DEBUG: SELECT `quotation_id` AS `lf`, `quotation_no` AS `df`, '' AS `df2`, '' AS `df3`, '' AS `df4` FROM `employee_quotation` [] []
[2020-12-12T20:45:36.257358+08:00] log.DEBUG: SELECT `quotation_id` AS `lf`, `quotation_no` AS `df`, '' AS `df2`, '' AS `df3`, '' AS `df4` FROM `employee_quotation` [] []
[2020-12-12T20:45:40.437700+08:00] log.DEBUG: SELECT `quotation_id` AS `lf`, `quotation_no` AS `df`, '' AS `df2`, '' AS `df3`, '' AS `df4` FROM `employee_quotation` [] []
[2020-12-12T20:49:13.667338+08:00] log.DEBUG: SELECT `quotation_id` AS `lf`, `quotation_no` AS `df`, '' AS `df2`, '' AS `df3`, '' AS `df4` FROM `employee_quotation` [] []
[2020-12-12T20:49:27.015737+08:00] log.DEBUG: SELECT `quotation_id` AS `lf`, `quotation_no` AS `df`, '' AS `df2`, '' AS `df3`, '' AS `df4` FROM `employee_quotation` [] []
[2020-12-12T20:51:11.177652+08:00] log.DEBUG: SELECT `quotation_id` AS `lf`, `quotation_no` AS `df`, '' AS `df2`, '' AS `df3`, '' AS `df4` FROM `employee_quotation` [] []
[2020-12-12T20:51:14.689134+08:00] log.DEBUG: SELECT `quotation_id` AS `lf`, `quotation_no` AS `df`, '' AS `df2`, '' AS `df3`, '' AS `df4` FROM `employee_quotation` [] []
[2020-12-12T20:52:38.466429+08:00] log.DEBUG: SELECT `quotation_id` AS `lf`, `quotation_no` AS `df`, '' AS `df2`, '' AS `df3`, '' AS `df4` FROM `employee_quotation` [] []
[2020-12-12T20:57:09.079614+08:00] log.DEBUG: SELECT `quotation_id` AS `lf`, `quotation_no` AS `df`, '' AS `df2`, '' AS `df3`, '' AS `df4` FROM `employee_quotation` [] []
[2020-12-12T21:00:18.090513+08:00] log.DEBUG: SELECT `quotation_id` AS `lf`, `quotation_no` AS `df`, '' AS `df2`, '' AS `df3`, '' AS `df4` FROM `employee_quotation` [] []
[2020-12-12T21:11:32.017959+08:00] log.DEBUG: SELECT `quotation_id` AS `lf`, `quotation_no` AS `df`, '' AS `df2`, '' AS `df3`, '' AS `df4` FROM `employee_quotation` [] []
[2020-12-12T21:20:29.877634+08:00] log.DEBUG: SELECT `quotation_id` AS `lf`, `quotation_no` AS `df`, '' AS `df2`, '' AS `df3`, '' AS `df4` FROM `employee_quotation` [] []
[2020-12-12T21:26:23.021167+08:00] log.DEBUG: SELECT `quotation_id` AS `lf`, `quotation_no` AS `df`, '' AS `df2`, '' AS `df3`, '' AS `df4` FROM `employee_quotation` [] []
[2020-12-12T21:29:00.723653+08:00] log.DEBUG: SELECT `quotation_id` AS `lf`, `quotation_no` AS `df`, '' AS `df2`, '' AS `df3`, '' AS `df4` FROM `employee_quotation` [] []
[2020-12-12T21:33:19.674314+08:00] log.DEBUG: SELECT `quotation_id` AS `lf`, `quotation_no` AS `df`, '' AS `df2`, '' AS `df3`, '' AS `df4` FROM `employee_quotation` [] []
[2020-12-12T21:36:29.881823+08:00] log.DEBUG: SELECT `quotation_id` AS `lf`, `quotation_no` AS `df`, '' AS `df2`, '' AS `df3`, '' AS `df4` FROM `employee_quotation` [] []
[2020-12-12T21:36:49.998091+08:00] log.DEBUG: SELECT `quotation_id` AS `lf`, `quotation_no` AS `df`, '' AS `df2`, '' AS `df3`, '' AS `df4` FROM `employee_quotation` [] []
[2020-12-12T21:37:14.745393+08:00] log.DEBUG: SELECT `quotation_id` AS `lf`, `quotation_no` AS `df`, '' AS `df2`, '' AS `df3`, '' AS `df4` FROM `employee_quotation` [] []
[2020-12-12T21:41:37.207316+08:00] log.DEBUG: SELECT `quotation_id` AS `lf`, `quotation_no` AS `df`, '' AS `df2`, '' AS `df3`, '' AS `df4` FROM `employee_quotation` [] []
[2020-12-12T21:43:29.427058+08:00] log.DEBUG: SELECT `quotation_id` AS `lf`, `quotation_no` AS `df`, '' AS `df2`, '' AS `df3`, '' AS `df4` FROM `employee_quotation` [] []
[2020-12-12T21:45:15.957377+08:00] log.DEBUG: SELECT `quotation_id` AS `lf`, `quotation_no` AS `df`, '' AS `df2`, '' AS `df3`, '' AS `df4` FROM `employee_quotation` [] []
[2020-12-12T21:48:06.318141+08:00] log.DEBUG: SELECT `quotation_id` AS `lf`, `quotation_no` AS `df`, '' AS `df2`, '' AS `df3`, '' AS `df4` FROM `employee_quotation` [] []
[2020-12-12T21:48:11.394753+08:00] log.DEBUG: SELECT `quotation_id` AS `lf`, `quotation_no` AS `df`, '' AS `df2`, '' AS `df3`, '' AS `df4` FROM `employee_quotation` [] []
[2020-12-12T21:48:19.222344+08:00] log.DEBUG: SELECT `quotation_id` AS `lf`, `quotation_no` AS `df`, '' AS `df2`, '' AS `df3`, '' AS `df4` FROM `employee_quotation` [] []
[2020-12-12T21:48:38.414407+08:00] log.DEBUG: SELECT `quotation_id` AS `lf`, `quotation_no` AS `df`, '' AS `df2`, '' AS `df3`, '' AS `df4` FROM `employee_quotation` [] []
